
Efinix FPGA Placement and Routing.
Version: 2019.3.272.1.6 
Compiled: Jan 16 2020.

Copyright (C) 2013 - 2019 Efinix Inc. All rights reserved.


The Tool Is Based on VPR of University of Toronto,
a free open source code under MIT license.


Running Placement and Routing for Family "Trion", Device "T20F256" ...

***** Beginning stage routing graph generation ... *****
Finished parsing ipin pattern file 'C:/Efinity/2019.3/arch/./ipin_oph.xdb'.
Finished parsing switch_block file 'C:/Efinity/2019.3/arch/.\sb_connectivity_subset.xdb'.
Generated 1170406 RR nodes and 4446733 RR edges
This design has 0 global control net(s). See F:/efinity_prj/rasp_pi/SPI/SPI_F256_2019_3/outflow\DEMO.route.rpt for details.
Routing graph took 6.49546 seconds.
	Routing graph took 6.496 seconds (approximately) in total CPU time.
Routing graph virtual memory usage: begin = 142.048 MB, end = 518.612 MB, delta = 376.564 MB
	Routing graph peak virtual memory usage = 567.852 MB
Routing graph resident set memory usage: begin = 145.012 MB, end = 511.684 MB, delta = 366.672 MB
	Routing graph peak resident set memory usage = 560.792 MB
***** Ending stage routing graph generation *****
***** Beginning stage routing ... *****
Peak routing utilization for Horizontal Left: 0.539789 at (10,36)
Peak routing utilization for Horizontal Right: 0.398479 at (24,36)
Peak routing utilization for Vertical Down: 0.389548 at (24,98)
Peak routing utilization for Vertical Up: 0.658782 at (44,130)
Peak routing congestion: 0.249587 at (36,131)
V Congestion RMS: 0.101382 STDEV: 0.053937
H Congestion RMS: 0.088608 STDEV: 0.048893

 ---------      -------     --------------      -------------
 Iteration      Overuse     Crit Path (ns)      Calc Time (s)
 ---------      -------     --------------      -------------
Routed wire in iteration 1: 521648
Delay frac statistics: min = 0.285898 max = 1.089890 average = 0.624346
         1        16238              8.578               4.98
Routed wire in iteration 2: 374811
         2         2846              8.528               2.63
Routed wire in iteration 3: 391481
         3         1311              8.528               2.35
Routed wire in iteration 4: 397231
         4          343              8.528               1.72
Routed wire in iteration 5: 398695
         5           81              8.528                1.3
Routed wire in iteration 6: 399216
         6           24              8.528               1.03
Routed wire in iteration 7: 399691
         7           14              8.725               1.72
Routed wire in iteration 8: 399696
         8            9              8.725               1.61
Routed wire in iteration 9: 399925
         9            2              8.812              0.637
Routed wire in iteration 10: 399885
        10            1              8.812              0.658
Routed wire in iteration 11: 399905
        11            1              8.804              0.635
Routed wire in iteration 12: 399869
        12            0              8.804               0.65

Successfully routed netlist after 12 routing iterations and 49628621 heapops
Completed net delay value cross check successfully.

***** Beginning stage routing check ... *****
***** Ending stage routing check *****

Serial number (magic cookie) for the routing is: 678757459
Netlist fully routed.

Successfully created FPGA route file 'F:/efinity_prj/rasp_pi/SPI/SPI_F256_2019_3/outflow/DEMO.route'
Routing took 20.7044 seconds.
	Routing took 20.704 seconds (approximately) in total CPU time.
Routing virtual memory usage: begin = 521.348 MB, end = 577.76 MB, delta = 56.412 MB
	Routing peak virtual memory usage = 682.96 MB
Routing resident set memory usage: begin = 514.556 MB, end = 571.768 MB, delta = 57.212 MB
	Routing peak resident set memory usage = 661.144 MB
***** Ending stage routing *****
***** Beginning stage final timing analysis ... *****

Maximum possible analyzed clocks frequency
Clock Name          Period (ns)   Frequency (MHz)   Edge
clk                       7.084         141.164     (R-R)
jtag_inst1_TCK            8.924         112.056     (R-R)

Geomean max period: 7.951

Launch Clock      Capture Clock     Constraint (ns)   Slack (ns)    Edge
clk                clk                     1.000        -6.084     (R-R)
jtag_inst1_TCK     jtag_inst1_TCK          1.000        -7.924     (R-R)


final timing analysis took 0.475777 seconds.
	final timing analysis took 0.476 seconds (approximately) in total CPU time.
final timing analysis virtual memory usage: begin = 575.296 MB, end = 581.66 MB, delta = 6.364 MB
	final timing analysis peak virtual memory usage = 682.96 MB
final timing analysis resident set memory usage: begin = 569.308 MB, end = 575.98 MB, delta = 6.672 MB
	final timing analysis peak resident set memory usage = 661.144 MB
***** Ending stage final timing analysis *****
***** Beginning stage bitstream generation ... *****
Reading core interface constraints from 'F:/efinity_prj/rasp_pi/SPI/SPI_F256_2019_3/outflow/DEMO.interface.csv'.
Successfully processed interface constraints file "F:/efinity_prj/rasp_pi/SPI/SPI_F256_2019_3/outflow/DEMO.interface.csv".
Finished writing bitstream file F:/efinity_prj/rasp_pi/SPI/SPI_F256_2019_3/work_pnr\DEMO.lbf.
Bitstream generation took 0.789008 seconds.
	Bitstream generation took 0.789 seconds (approximately) in total CPU time.
Bitstream generation virtual memory usage: begin = 581.66 MB, end = 601.276 MB, delta = 19.616 MB
	Bitstream generation peak virtual memory usage = 682.96 MB
Bitstream generation resident set memory usage: begin = 575.988 MB, end = 594.78 MB, delta = 18.792 MB
	Bitstream generation peak resident set memory usage = 661.144 MB
***** Ending stage bitstream generation *****
The entire flow of EFX_PNR took 72.3938 seconds.
	The entire flow of EFX_PNR took 72.394 seconds (approximately) in total CPU time.
The entire flow of EFX_PNR virtual memory usage: begin = 5.108 MB, end = 87.78 MB, delta = 82.672 MB
	The entire flow of EFX_PNR peak virtual memory usage = 682.96 MB
The entire flow of EFX_PNR resident set memory usage: begin = 8.944 MB, end = 96.392 MB, delta = 87.448 MB
	The entire flow of EFX_PNR peak resident set memory usage = 661.144 MB
