[EFX-0009 VERI-INFO] The default VHDL library search path is now "C:/Efinity/2019.3/sim_models/vhdl/packages/vhdl_2008" (VHDL-1504)
[EFX-0009 VERI-INFO] (F:/efinity_prj/rasp_pi/SPI/SPI_F256_2019_3/top.v 12) compiling module 'top' (VERI-1018)
[EFX-0009 VERI-INFO] (F:/efinity_prj/rasp_pi/SPI/SPI_F256_2019_3/spi_slave.v 11) compiling module 'spi_slave' (VERI-1018)
[EFX-0008 VERI-WARNING] (F:/efinity_prj/rasp_pi/SPI/SPI_F256_2019_3/spi_slave.v 63) expression size 5 truncated to fit in target size 4 (VERI-1209)
[EFX-0000 INFO] Setting Synthesis Option: mode=speed
[EFX-0009 VERI-INFO] (C:/Efinity/2019.3/sim_models/maplib/efinix_maplib.v 6) compiling module 'EFX_ADD' (VERI-1018)
[EFX-0009 VERI-INFO] (C:/Efinity/2019.3/sim_models/maplib/efinix_maplib.v 19) compiling module 'EFX_FF' (VERI-1018)
[EFX-0009 VERI-INFO] (C:/Efinity/2019.3/sim_models/maplib/efinix_maplib.v 36) compiling module 'EFX_GBUFCE' (VERI-1018)
[EFX-0009 VERI-INFO] (C:/Efinity/2019.3/sim_models/maplib/efinix_maplib.v 45) compiling module 'EFX_IDDR' (VERI-1018)
[EFX-0009 VERI-INFO] (C:/Efinity/2019.3/sim_models/maplib/efinix_maplib.v 59) compiling module 'EFX_ODDR' (VERI-1018)
[EFX-0009 VERI-INFO] (C:/Efinity/2019.3/sim_models/maplib/efinix_maplib.v 75) compiling module 'EFX_IOBUF' (VERI-1018)
[EFX-0009 VERI-INFO] (C:/Efinity/2019.3/sim_models/maplib/efinix_maplib.v 87) compiling module 'EFX_LUT4' (VERI-1018)
[EFX-0009 VERI-INFO] (C:/Efinity/2019.3/sim_models/maplib/efinix_maplib.v 95) compiling module 'EFX_MULT' (VERI-1018)
[EFX-0009 VERI-INFO] (C:/Efinity/2019.3/sim_models/maplib/efinix_maplib.v 130) compiling module 'EFX_RAM_4K' (VERI-1018)
[EFX-0009 VERI-INFO] (C:/Efinity/2019.3/sim_models/maplib/efinix_maplib.v 190) compiling module 'EFX_RAM_5K' (VERI-1018)
[EFX-0009 VERI-INFO] (C:/Efinity/2019.3/sim_models/maplib/efinix_maplib.v 262) compiling module 'EFX_DPRAM_5K' (VERI-1018)
[EFX-0009 VERI-INFO] (C:/Efinity/2019.3/sim_models/maplib/efinix_maplib.v 367) compiling module 'RAMB5' (VERI-1018)
[EFX-0009 VERI-INFO] (C:/Efinity/2019.3/sim_models/maplib/efinix_maplib.v 429) compiling module 'EFX_RAM_10K' (VERI-1018)
[EFX-0000 INFO] ... Pre-synthesis checks begin
[EFX-0000 INFO] ... Pre-synthesis checks end (Real time : 0s)
[EFX-0000 INFO] ... NameSpace init begin
[EFX-0000 INFO] ... NameSpace init end (Real time : 0s)
[EFX-0000 INFO] ... Mapping design "top"
[EFX-0000 INFO] ... Hierarchical pre-synthesis "spi_slave" begin
[EFX-0000 INFO] ... Hierarchical pre-synthesis "spi_slave" end (Real time : 0s)
[EFX-0000 INFO] ... Hierarchical pre-synthesis "top" begin
[EFX-0000 INFO] ... Hierarchical pre-synthesis "top" end (Real time : 0s)
[EFX-0000 INFO] ... Flat optimizations begin
[EFX-0000 INFO] ... Flat optimizations end (Real time : 0s)
[EFX-0000 INFO] ... Flat synthesis begin
[EFX-0000 INFO] ... Flat synthesis end (Real time : 0s)
[EFX-0000 INFO] ... Flat optimizations begin
[EFX-0000 INFO] ... Flat optimizations end (Real time : 0s)
[EFX-0000 INFO] ... Check and break combinational loops begin
[EFX-0000 INFO] ... Check and break combinational loops end (Real time : 0s)
[EFX-0000 INFO] ... Top level netlist RUSHC IOs pre-synthesis begin
[EFX-0000 INFO] ... SOP modeling begin
[EFX-0000 INFO] ... SOP modeling end (Real time : 0s)
[EFX-0000 INFO] ... LUT mapping begin
[EFX-0000 INFO] ... LS, strategy: 3, nd: 19, ed: 47, lv: 3
[EFX-0000 INFO] ... LUT mapping end (Real time : 1s)
[EFX-0000 INFO] ... Post-synthesis Verific netlist creation begin
[EFX-0000 INFO] ... Post-synthesis Verific netlist creation end (Real time : 0s)
[EFX-0000 INFO] ... Top level netlist RUSHC IOs pre-synthesis end (Real time : 1s)
[EFX-0000 INFO] ... Post-synthesis Verific netlist unification/params processing begin
[EFX-0000 INFO] ... Post-synthesis Verific netlist unification/params processing end (Real time : 0s)
[EFX-0201 WARNING] Re-wiring to GND non-driven net 'ila_d'.
[EFX-0009 VERI-INFO] The default VHDL library search path is now "C:/Efinity/2019.3/sim_models/vhdl/packages/vhdl_2008" (VHDL-1504)
[EFX-0009 VERI-INFO] (F:/efinity_prj/rasp_pi/SPI/SPI_F256_2019_3/top.v 12) compiling module 'top' (VERI-1018)
[EFX-0009 VERI-INFO] (F:/efinity_prj/rasp_pi/SPI/SPI_F256_2019_3/spi_slave.v 11) compiling module 'spi_slave' (VERI-1018)
[EFX-0008 VERI-WARNING] (F:/efinity_prj/rasp_pi/SPI/SPI_F256_2019_3/spi_slave.v 63) expression size 5 truncated to fit in target size 4 (VERI-1209)
[EFX-0000 INFO] Setting Synthesis Option: mode=speed
[EFX-0009 VERI-INFO] (C:/Efinity/2019.3/sim_models/maplib/efinix_maplib.v 6) compiling module 'EFX_ADD' (VERI-1018)
[EFX-0009 VERI-INFO] (C:/Efinity/2019.3/sim_models/maplib/efinix_maplib.v 19) compiling module 'EFX_FF' (VERI-1018)
[EFX-0009 VERI-INFO] (C:/Efinity/2019.3/sim_models/maplib/efinix_maplib.v 36) compiling module 'EFX_GBUFCE' (VERI-1018)
[EFX-0009 VERI-INFO] (C:/Efinity/2019.3/sim_models/maplib/efinix_maplib.v 45) compiling module 'EFX_IDDR' (VERI-1018)
[EFX-0009 VERI-INFO] (C:/Efinity/2019.3/sim_models/maplib/efinix_maplib.v 59) compiling module 'EFX_ODDR' (VERI-1018)
[EFX-0009 VERI-INFO] (C:/Efinity/2019.3/sim_models/maplib/efinix_maplib.v 75) compiling module 'EFX_IOBUF' (VERI-1018)
[EFX-0009 VERI-INFO] (C:/Efinity/2019.3/sim_models/maplib/efinix_maplib.v 87) compiling module 'EFX_LUT4' (VERI-1018)
[EFX-0009 VERI-INFO] (C:/Efinity/2019.3/sim_models/maplib/efinix_maplib.v 95) compiling module 'EFX_MULT' (VERI-1018)
[EFX-0009 VERI-INFO] (C:/Efinity/2019.3/sim_models/maplib/efinix_maplib.v 130) compiling module 'EFX_RAM_4K' (VERI-1018)
[EFX-0009 VERI-INFO] (C:/Efinity/2019.3/sim_models/maplib/efinix_maplib.v 190) compiling module 'EFX_RAM_5K' (VERI-1018)
[EFX-0009 VERI-INFO] (C:/Efinity/2019.3/sim_models/maplib/efinix_maplib.v 262) compiling module 'EFX_DPRAM_5K' (VERI-1018)
[EFX-0009 VERI-INFO] (C:/Efinity/2019.3/sim_models/maplib/efinix_maplib.v 367) compiling module 'RAMB5' (VERI-1018)
[EFX-0009 VERI-INFO] (C:/Efinity/2019.3/sim_models/maplib/efinix_maplib.v 429) compiling module 'EFX_RAM_10K' (VERI-1018)
[EFX-0000 INFO] ... Pre-synthesis checks begin
[EFX-0000 INFO] ... Pre-synthesis checks end (Real time : 0s)
[EFX-0000 INFO] ... NameSpace init begin
[EFX-0000 INFO] ... NameSpace init end (Real time : 0s)
[EFX-0000 INFO] ... Mapping design "top"
[EFX-0000 INFO] ... Hierarchical pre-synthesis "spi_slave" begin
[EFX-0000 INFO] ... Hierarchical pre-synthesis "spi_slave" end (Real time : 0s)
[EFX-0000 INFO] ... Hierarchical pre-synthesis "top" begin
[EFX-0000 INFO] ... Hierarchical pre-synthesis "top" end (Real time : 0s)
[EFX-0000 INFO] ... Flat optimizations begin
[EFX-0000 INFO] ... Flat optimizations end (Real time : 0s)
[EFX-0000 INFO] ... Flat synthesis begin
[EFX-0000 INFO] ... Flat synthesis end (Real time : 0s)
[EFX-0000 INFO] ... Flat optimizations begin
[EFX-0000 INFO] ... Flat optimizations end (Real time : 0s)
[EFX-0000 INFO] ... Check and break combinational loops begin
[EFX-0000 INFO] ... Check and break combinational loops end (Real time : 0s)
[EFX-0000 INFO] ... Top level netlist RUSHC IOs pre-synthesis begin
[EFX-0000 INFO] ... SOP modeling begin
[EFX-0000 INFO] ... SOP modeling end (Real time : 0s)
[EFX-0000 INFO] ... LUT mapping begin
[EFX-0000 INFO] ... LS, strategy: 3, nd: 19, ed: 47, lv: 3
[EFX-0000 INFO] ... LUT mapping end (Real time : 0s)
[EFX-0000 INFO] ... Post-synthesis Verific netlist creation begin
[EFX-0000 INFO] ... Post-synthesis Verific netlist creation end (Real time : 0s)
[EFX-0000 INFO] ... Top level netlist RUSHC IOs pre-synthesis end (Real time : 0s)
[EFX-0000 INFO] ... Post-synthesis Verific netlist unification/params processing begin
[EFX-0000 INFO] ... Post-synthesis Verific netlist unification/params processing end (Real time : 0s)
[EFX-0008 VERI-WARNING] Net data_o[2] is dangling
[EFX-0008 VERI-WARNING] Net data_o[3] is dangling
[EFX-0008 VERI-WARNING] Net data_o[4] is dangling
[EFX-0008 VERI-WARNING] Net data_o[0] is dangling
[EFX-0008 VERI-WARNING] Net data_en_o is dangling
[EFX-0008 VERI-WARNING] Net data_o[5] is dangling
[EFX-0008 VERI-WARNING] Net data_o[6] is dangling
[EFX-0008 VERI-WARNING] Net data_o[7] is dangling
[EFX-0008 VERI-WARNING] Net data_o[1] is dangling
[EFX-0009 VERI-INFO] Found 9 warnings in the post-synthesis netlist.
[EFX-0000 INFO] Resource Summary 
[EFX-0000 INFO] =============================== 
[EFX-0000 INFO] EFX_ADD         : 	4
[EFX-0000 INFO] EFX_LUT4        : 	19
[EFX-0000 INFO] EFX_FF          : 	25
[EFX-0000 INFO] EFX_GBUFCE      : 	1
[EFX-0000 INFO] =============================== 
[EFX-0009 VERI-INFO] The default VHDL library search path is now "C:/Efinity/2019.3/sim_models/vhdl/packages/vhdl_2008" (VHDL-1504)
[EFX-0009 VERI-INFO] (F:/efinity_prj/rasp_pi/SPI/SPI_F256_2019_3/top.v 12) compiling module 'top' (VERI-1018)
[EFX-0009 VERI-INFO] (F:/efinity_prj/rasp_pi/SPI/SPI_F256_2019_3/spi_slave.v 11) compiling module 'spi_slave' (VERI-1018)
[EFX-0008 VERI-WARNING] (F:/efinity_prj/rasp_pi/SPI/SPI_F256_2019_3/spi_slave.v 63) expression size 5 truncated to fit in target size 4 (VERI-1209)
[EFX-0000 INFO] Setting Synthesis Option: mode=speed
[EFX-0009 VERI-INFO] (C:/Efinity/2019.3/sim_models/maplib/efinix_maplib.v 6) compiling module 'EFX_ADD' (VERI-1018)
[EFX-0009 VERI-INFO] (C:/Efinity/2019.3/sim_models/maplib/efinix_maplib.v 19) compiling module 'EFX_FF' (VERI-1018)
[EFX-0009 VERI-INFO] (C:/Efinity/2019.3/sim_models/maplib/efinix_maplib.v 36) compiling module 'EFX_GBUFCE' (VERI-1018)
[EFX-0009 VERI-INFO] (C:/Efinity/2019.3/sim_models/maplib/efinix_maplib.v 45) compiling module 'EFX_IDDR' (VERI-1018)
[EFX-0009 VERI-INFO] (C:/Efinity/2019.3/sim_models/maplib/efinix_maplib.v 59) compiling module 'EFX_ODDR' (VERI-1018)
[EFX-0009 VERI-INFO] (C:/Efinity/2019.3/sim_models/maplib/efinix_maplib.v 75) compiling module 'EFX_IOBUF' (VERI-1018)
[EFX-0009 VERI-INFO] (C:/Efinity/2019.3/sim_models/maplib/efinix_maplib.v 87) compiling module 'EFX_LUT4' (VERI-1018)
[EFX-0009 VERI-INFO] (C:/Efinity/2019.3/sim_models/maplib/efinix_maplib.v 95) compiling module 'EFX_MULT' (VERI-1018)
[EFX-0009 VERI-INFO] (C:/Efinity/2019.3/sim_models/maplib/efinix_maplib.v 130) compiling module 'EFX_RAM_4K' (VERI-1018)
[EFX-0009 VERI-INFO] (C:/Efinity/2019.3/sim_models/maplib/efinix_maplib.v 190) compiling module 'EFX_RAM_5K' (VERI-1018)
[EFX-0009 VERI-INFO] (C:/Efinity/2019.3/sim_models/maplib/efinix_maplib.v 262) compiling module 'EFX_DPRAM_5K' (VERI-1018)
[EFX-0009 VERI-INFO] (C:/Efinity/2019.3/sim_models/maplib/efinix_maplib.v 367) compiling module 'RAMB5' (VERI-1018)
[EFX-0009 VERI-INFO] (C:/Efinity/2019.3/sim_models/maplib/efinix_maplib.v 429) compiling module 'EFX_RAM_10K' (VERI-1018)
[EFX-0000 INFO] ... Pre-synthesis checks begin
[EFX-0000 INFO] ... Pre-synthesis checks end (Real time : 0s)
[EFX-0000 INFO] ... NameSpace init begin
[EFX-0000 INFO] ... NameSpace init end (Real time : 0s)
[EFX-0000 INFO] ... Mapping design "top"
[EFX-0000 INFO] ... Hierarchical pre-synthesis "spi_slave" begin
[EFX-0000 INFO] ... Hierarchical pre-synthesis "spi_slave" end (Real time : 0s)
[EFX-0000 INFO] ... Hierarchical pre-synthesis "top" begin
[EFX-0000 INFO] ... Hierarchical pre-synthesis "top" end (Real time : 0s)
[EFX-0000 INFO] ... Flat optimizations begin
[EFX-0000 INFO] ... Flat optimizations end (Real time : 0s)
[EFX-0000 INFO] ... Flat synthesis begin
[EFX-0000 INFO] ... Flat synthesis end (Real time : 0s)
[EFX-0000 INFO] ... Flat optimizations begin
[EFX-0000 INFO] ... Flat optimizations end (Real time : 0s)
[EFX-0000 INFO] ... Check and break combinational loops begin
[EFX-0000 INFO] ... Check and break combinational loops end (Real time : 0s)
[EFX-0000 INFO] ... Top level netlist RUSHC IOs pre-synthesis begin
[EFX-0000 INFO] ... SOP modeling begin
[EFX-0000 INFO] ... SOP modeling end (Real time : 0s)
[EFX-0000 INFO] ... LUT mapping begin
[EFX-0000 INFO] ... LS, strategy: 3, nd: 19, ed: 47, lv: 3
[EFX-0000 INFO] ... LUT mapping end (Real time : 0s)
[EFX-0000 INFO] ... Post-synthesis Verific netlist creation begin
[EFX-0000 INFO] ... Post-synthesis Verific netlist creation end (Real time : 0s)
[EFX-0000 INFO] ... Top level netlist RUSHC IOs pre-synthesis end (Real time : 0s)
[EFX-0000 INFO] ... Post-synthesis Verific netlist unification/params processing begin
[EFX-0000 INFO] ... Post-synthesis Verific netlist unification/params processing end (Real time : 0s)
[EFX-0008 VERI-WARNING] Net data_o[2] is dangling
[EFX-0008 VERI-WARNING] Net data_o[3] is dangling
[EFX-0008 VERI-WARNING] Net data_o[4] is dangling
[EFX-0008 VERI-WARNING] Net data_o[0] is dangling
[EFX-0008 VERI-WARNING] Net data_en_o is dangling
[EFX-0008 VERI-WARNING] Net data_o[5] is dangling
[EFX-0008 VERI-WARNING] Net data_o[6] is dangling
[EFX-0008 VERI-WARNING] Net data_o[7] is dangling
[EFX-0008 VERI-WARNING] Net data_o[1] is dangling
[EFX-0009 VERI-INFO] Found 9 warnings in the post-synthesis netlist.
[EFX-0000 INFO] Resource Summary 
[EFX-0000 INFO] =============================== 
[EFX-0000 INFO] EFX_ADD         : 	4
[EFX-0000 INFO] EFX_LUT4        : 	19
[EFX-0000 INFO] EFX_FF          : 	25
[EFX-0000 INFO] EFX_GBUFCE      : 	1
[EFX-0000 INFO] =============================== 
[EFX-0009 VERI-INFO] The default VHDL library search path is now "C:/Efinity/2019.3/sim_models/vhdl/packages/vhdl_2008" (VHDL-1504)
[EFX-0009 VERI-INFO] (F:/efinity_prj/rasp_pi/SPI/SPI_F256_2019_3/top.v 12) compiling module 'top' (VERI-1018)
[EFX-0009 VERI-INFO] (F:/efinity_prj/rasp_pi/SPI/SPI_F256_2019_3/spi_slave.v 11) compiling module 'spi_slave' (VERI-1018)
[EFX-0008 VERI-WARNING] (F:/efinity_prj/rasp_pi/SPI/SPI_F256_2019_3/spi_slave.v 65) expression size 5 truncated to fit in target size 4 (VERI-1209)
[EFX-0000 INFO] Setting Synthesis Option: mode=speed
[EFX-0009 VERI-INFO] (C:/Efinity/2019.3/sim_models/maplib/efinix_maplib.v 6) compiling module 'EFX_ADD' (VERI-1018)
[EFX-0009 VERI-INFO] (C:/Efinity/2019.3/sim_models/maplib/efinix_maplib.v 19) compiling module 'EFX_FF' (VERI-1018)
[EFX-0009 VERI-INFO] (C:/Efinity/2019.3/sim_models/maplib/efinix_maplib.v 36) compiling module 'EFX_GBUFCE' (VERI-1018)
[EFX-0009 VERI-INFO] (C:/Efinity/2019.3/sim_models/maplib/efinix_maplib.v 45) compiling module 'EFX_IDDR' (VERI-1018)
[EFX-0009 VERI-INFO] (C:/Efinity/2019.3/sim_models/maplib/efinix_maplib.v 59) compiling module 'EFX_ODDR' (VERI-1018)
[EFX-0009 VERI-INFO] (C:/Efinity/2019.3/sim_models/maplib/efinix_maplib.v 75) compiling module 'EFX_IOBUF' (VERI-1018)
[EFX-0009 VERI-INFO] (C:/Efinity/2019.3/sim_models/maplib/efinix_maplib.v 87) compiling module 'EFX_LUT4' (VERI-1018)
[EFX-0009 VERI-INFO] (C:/Efinity/2019.3/sim_models/maplib/efinix_maplib.v 95) compiling module 'EFX_MULT' (VERI-1018)
[EFX-0009 VERI-INFO] (C:/Efinity/2019.3/sim_models/maplib/efinix_maplib.v 130) compiling module 'EFX_RAM_4K' (VERI-1018)
[EFX-0009 VERI-INFO] (C:/Efinity/2019.3/sim_models/maplib/efinix_maplib.v 190) compiling module 'EFX_RAM_5K' (VERI-1018)
[EFX-0009 VERI-INFO] (C:/Efinity/2019.3/sim_models/maplib/efinix_maplib.v 262) compiling module 'EFX_DPRAM_5K' (VERI-1018)
[EFX-0009 VERI-INFO] (C:/Efinity/2019.3/sim_models/maplib/efinix_maplib.v 367) compiling module 'RAMB5' (VERI-1018)
[EFX-0009 VERI-INFO] (C:/Efinity/2019.3/sim_models/maplib/efinix_maplib.v 429) compiling module 'EFX_RAM_10K' (VERI-1018)
[EFX-0000 INFO] ... Pre-synthesis checks begin
[EFX-0000 INFO] ... Pre-synthesis checks end (Real time : 0s)
[EFX-0000 INFO] ... NameSpace init begin
[EFX-0000 INFO] ... NameSpace init end (Real time : 0s)
[EFX-0000 INFO] ... Mapping design "top"
[EFX-0000 INFO] ... Hierarchical pre-synthesis "spi_slave" begin
[EFX-0000 INFO] ... Hierarchical pre-synthesis "spi_slave" end (Real time : 0s)
[EFX-0000 INFO] ... Hierarchical pre-synthesis "top" begin
[EFX-0000 INFO] ... Hierarchical pre-synthesis "top" end (Real time : 0s)
[EFX-0000 INFO] ... Flat optimizations begin
[EFX-0000 INFO] ... Flat optimizations end (Real time : 0s)
[EFX-0000 INFO] ... Flat synthesis begin
[EFX-0000 INFO] ... Flat synthesis end (Real time : 0s)
[EFX-0000 INFO] ... Flat optimizations begin
[EFX-0000 INFO] ... Flat optimizations end (Real time : 0s)
[EFX-0000 INFO] ... Check and break combinational loops begin
[EFX-0000 INFO] ... Check and break combinational loops end (Real time : 0s)
[EFX-0000 INFO] ... Top level netlist RUSHC IOs pre-synthesis begin
[EFX-0000 INFO] ... SOP modeling begin
[EFX-0000 INFO] ... SOP modeling end (Real time : 0s)
[EFX-0000 INFO] ... LUT mapping begin
[EFX-0000 INFO] ... LS, strategy: 3, nd: 19, ed: 47, lv: 3
[EFX-0000 INFO] ... LUT mapping end (Real time : 0s)
[EFX-0000 INFO] ... Post-synthesis Verific netlist creation begin
[EFX-0000 INFO] ... Post-synthesis Verific netlist creation end (Real time : 1s)
[EFX-0000 INFO] ... Top level netlist RUSHC IOs pre-synthesis end (Real time : 1s)
[EFX-0000 INFO] ... Post-synthesis Verific netlist unification/params processing begin
[EFX-0000 INFO] ... Post-synthesis Verific netlist unification/params processing end (Real time : 0s)
[EFX-0008 VERI-WARNING] Net data_o[2] is dangling
[EFX-0008 VERI-WARNING] Net data_o[3] is dangling
[EFX-0008 VERI-WARNING] Net data_o[4] is dangling
[EFX-0008 VERI-WARNING] Net spi_slave/mosi_d0 is dangling
[EFX-0008 VERI-WARNING] Net data_o[0] is dangling
[EFX-0008 VERI-WARNING] Net data_en_o is dangling
[EFX-0008 VERI-WARNING] Net data_o[5] is dangling
[EFX-0008 VERI-WARNING] Net data_o[6] is dangling
[EFX-0008 VERI-WARNING] Net data_o[7] is dangling
[EFX-0008 VERI-WARNING] Net data_o[1] is dangling
[EFX-0009 VERI-INFO] Found 10 warnings in the post-synthesis netlist.
[EFX-0000 INFO] Resource Summary 
[EFX-0000 INFO] =============================== 
[EFX-0000 INFO] EFX_ADD         : 	4
[EFX-0000 INFO] EFX_LUT4        : 	19
[EFX-0000 INFO] EFX_FF          : 	26
[EFX-0000 INFO] EFX_GBUFCE      : 	1
[EFX-0000 INFO] =============================== 
[EFX-0009 VERI-INFO] The default VHDL library search path is now "C:/Efinity/2019.3/sim_models/vhdl/packages/vhdl_2008" (VHDL-1504)
[EFX-0009 VERI-INFO] (F:/efinity_prj/rasp_pi/SPI/SPI_F256_2019_3/top.v 12) compiling module 'top' (VERI-1018)
[EFX-0009 VERI-INFO] (F:/efinity_prj/rasp_pi/SPI/SPI_F256_2019_3/spi_slave.v 11) compiling module 'spi_slave' (VERI-1018)
[EFX-0008 VERI-WARNING] (F:/efinity_prj/rasp_pi/SPI/SPI_F256_2019_3/spi_slave.v 65) expression size 5 truncated to fit in target size 4 (VERI-1209)
[EFX-0000 INFO] Setting Synthesis Option: mode=speed
[EFX-0009 VERI-INFO] (C:/Efinity/2019.3/sim_models/maplib/efinix_maplib.v 6) compiling module 'EFX_ADD' (VERI-1018)
[EFX-0009 VERI-INFO] (C:/Efinity/2019.3/sim_models/maplib/efinix_maplib.v 19) compiling module 'EFX_FF' (VERI-1018)
[EFX-0009 VERI-INFO] (C:/Efinity/2019.3/sim_models/maplib/efinix_maplib.v 36) compiling module 'EFX_GBUFCE' (VERI-1018)
[EFX-0009 VERI-INFO] (C:/Efinity/2019.3/sim_models/maplib/efinix_maplib.v 45) compiling module 'EFX_IDDR' (VERI-1018)
[EFX-0009 VERI-INFO] (C:/Efinity/2019.3/sim_models/maplib/efinix_maplib.v 59) compiling module 'EFX_ODDR' (VERI-1018)
[EFX-0009 VERI-INFO] (C:/Efinity/2019.3/sim_models/maplib/efinix_maplib.v 75) compiling module 'EFX_IOBUF' (VERI-1018)
[EFX-0009 VERI-INFO] (C:/Efinity/2019.3/sim_models/maplib/efinix_maplib.v 87) compiling module 'EFX_LUT4' (VERI-1018)
[EFX-0009 VERI-INFO] (C:/Efinity/2019.3/sim_models/maplib/efinix_maplib.v 95) compiling module 'EFX_MULT' (VERI-1018)
[EFX-0009 VERI-INFO] (C:/Efinity/2019.3/sim_models/maplib/efinix_maplib.v 130) compiling module 'EFX_RAM_4K' (VERI-1018)
[EFX-0009 VERI-INFO] (C:/Efinity/2019.3/sim_models/maplib/efinix_maplib.v 190) compiling module 'EFX_RAM_5K' (VERI-1018)
[EFX-0009 VERI-INFO] (C:/Efinity/2019.3/sim_models/maplib/efinix_maplib.v 262) compiling module 'EFX_DPRAM_5K' (VERI-1018)
[EFX-0009 VERI-INFO] (C:/Efinity/2019.3/sim_models/maplib/efinix_maplib.v 367) compiling module 'RAMB5' (VERI-1018)
[EFX-0009 VERI-INFO] (C:/Efinity/2019.3/sim_models/maplib/efinix_maplib.v 429) compiling module 'EFX_RAM_10K' (VERI-1018)
[EFX-0000 INFO] ... Pre-synthesis checks begin
[EFX-0000 INFO] ... Pre-synthesis checks end (Real time : 0s)
[EFX-0000 INFO] ... NameSpace init begin
[EFX-0000 INFO] ... NameSpace init end (Real time : 0s)
[EFX-0000 INFO] ... Mapping design "top"
[EFX-0000 INFO] ... Hierarchical pre-synthesis "spi_slave" begin
[EFX-0000 INFO] ... Hierarchical pre-synthesis "spi_slave" end (Real time : 0s)
[EFX-0000 INFO] ... Hierarchical pre-synthesis "top" begin
[EFX-0000 INFO] ... Hierarchical pre-synthesis "top" end (Real time : 0s)
[EFX-0000 INFO] ... Flat optimizations begin
[EFX-0000 INFO] ... Flat optimizations end (Real time : 0s)
[EFX-0000 INFO] ... Flat synthesis begin
[EFX-0000 INFO] ... Flat synthesis end (Real time : 0s)
[EFX-0000 INFO] ... Flat optimizations begin
[EFX-0000 INFO] ... Flat optimizations end (Real time : 0s)
[EFX-0000 INFO] ... Check and break combinational loops begin
[EFX-0000 INFO] ... Check and break combinational loops end (Real time : 0s)
[EFX-0000 INFO] ... Top level netlist RUSHC IOs pre-synthesis begin
[EFX-0000 INFO] ... SOP modeling begin
[EFX-0000 INFO] ... SOP modeling end (Real time : 0s)
[EFX-0000 INFO] ... LUT mapping begin
[EFX-0000 INFO] ... LS, strategy: 3, nd: 19, ed: 47, lv: 3
[EFX-0000 INFO] ... LUT mapping end (Real time : 1s)
[EFX-0000 INFO] ... Post-synthesis Verific netlist creation begin
[EFX-0000 INFO] ... Post-synthesis Verific netlist creation end (Real time : 0s)
[EFX-0000 INFO] ... Top level netlist RUSHC IOs pre-synthesis end (Real time : 1s)
[EFX-0000 INFO] ... Post-synthesis Verific netlist unification/params processing begin
[EFX-0000 INFO] ... Post-synthesis Verific netlist unification/params processing end (Real time : 0s)
[EFX-0008 VERI-WARNING] Net data_o[2] is dangling
[EFX-0008 VERI-WARNING] Net data_o[3] is dangling
[EFX-0008 VERI-WARNING] Net data_o[4] is dangling
[EFX-0008 VERI-WARNING] Net spi_slave/mosi_d0 is dangling
[EFX-0008 VERI-WARNING] Net data_o[0] is dangling
[EFX-0008 VERI-WARNING] Net data_en_o is dangling
[EFX-0008 VERI-WARNING] Net data_o[5] is dangling
[EFX-0008 VERI-WARNING] Net data_o[6] is dangling
[EFX-0008 VERI-WARNING] Net data_o[7] is dangling
[EFX-0008 VERI-WARNING] Net data_o[1] is dangling
[EFX-0009 VERI-INFO] Found 10 warnings in the post-synthesis netlist.
[EFX-0000 INFO] Resource Summary 
[EFX-0000 INFO] =============================== 
[EFX-0000 INFO] EFX_ADD         : 	4
[EFX-0000 INFO] EFX_LUT4        : 	19
[EFX-0000 INFO] EFX_FF          : 	26
[EFX-0000 INFO] EFX_GBUFCE      : 	1
[EFX-0000 INFO] =============================== 
[EFX-0009 VERI-INFO] The default VHDL library search path is now "C:/Efinity/2019.3/sim_models/vhdl/packages/vhdl_2008" (VHDL-1504)
[EFX-0009 VERI-INFO] (F:/efinity_prj/rasp_pi/SPI/SPI_F256_2019_3/top.v 12) compiling module 'top' (VERI-1018)
[EFX-0009 VERI-INFO] (F:/efinity_prj/rasp_pi/SPI/SPI_F256_2019_3/spi_slave.v 11) compiling module 'spi_slave' (VERI-1018)
[EFX-0008 VERI-WARNING] (F:/efinity_prj/rasp_pi/SPI/SPI_F256_2019_3/spi_slave.v 65) expression size 5 truncated to fit in target size 4 (VERI-1209)
[EFX-0000 INFO] Setting Synthesis Option: mode=speed
[EFX-0009 VERI-INFO] (C:/Efinity/2019.3/sim_models/maplib/efinix_maplib.v 6) compiling module 'EFX_ADD' (VERI-1018)
[EFX-0009 VERI-INFO] (C:/Efinity/2019.3/sim_models/maplib/efinix_maplib.v 19) compiling module 'EFX_FF' (VERI-1018)
[EFX-0009 VERI-INFO] (C:/Efinity/2019.3/sim_models/maplib/efinix_maplib.v 36) compiling module 'EFX_GBUFCE' (VERI-1018)
[EFX-0009 VERI-INFO] (C:/Efinity/2019.3/sim_models/maplib/efinix_maplib.v 45) compiling module 'EFX_IDDR' (VERI-1018)
[EFX-0009 VERI-INFO] (C:/Efinity/2019.3/sim_models/maplib/efinix_maplib.v 59) compiling module 'EFX_ODDR' (VERI-1018)
[EFX-0009 VERI-INFO] (C:/Efinity/2019.3/sim_models/maplib/efinix_maplib.v 75) compiling module 'EFX_IOBUF' (VERI-1018)
[EFX-0009 VERI-INFO] (C:/Efinity/2019.3/sim_models/maplib/efinix_maplib.v 87) compiling module 'EFX_LUT4' (VERI-1018)
[EFX-0009 VERI-INFO] (C:/Efinity/2019.3/sim_models/maplib/efinix_maplib.v 95) compiling module 'EFX_MULT' (VERI-1018)
[EFX-0009 VERI-INFO] (C:/Efinity/2019.3/sim_models/maplib/efinix_maplib.v 130) compiling module 'EFX_RAM_4K' (VERI-1018)
[EFX-0009 VERI-INFO] (C:/Efinity/2019.3/sim_models/maplib/efinix_maplib.v 190) compiling module 'EFX_RAM_5K' (VERI-1018)
[EFX-0009 VERI-INFO] (C:/Efinity/2019.3/sim_models/maplib/efinix_maplib.v 262) compiling module 'EFX_DPRAM_5K' (VERI-1018)
[EFX-0009 VERI-INFO] (C:/Efinity/2019.3/sim_models/maplib/efinix_maplib.v 367) compiling module 'RAMB5' (VERI-1018)
[EFX-0009 VERI-INFO] (C:/Efinity/2019.3/sim_models/maplib/efinix_maplib.v 429) compiling module 'EFX_RAM_10K' (VERI-1018)
[EFX-0000 INFO] ... Pre-synthesis checks begin
[EFX-0000 INFO] ... Pre-synthesis checks end (Real time : 0s)
[EFX-0000 INFO] ... NameSpace init begin
[EFX-0000 INFO] ... NameSpace init end (Real time : 0s)
[EFX-0000 INFO] ... Mapping design "top"
[EFX-0000 INFO] ... Hierarchical pre-synthesis "spi_slave" begin
[EFX-0000 INFO] ... Hierarchical pre-synthesis "spi_slave" end (Real time : 0s)
[EFX-0000 INFO] ... Hierarchical pre-synthesis "top" begin
[EFX-0000 INFO] ... Hierarchical pre-synthesis "top" end (Real time : 0s)
[EFX-0000 INFO] ... Flat optimizations begin
[EFX-0000 INFO] ... Flat optimizations end (Real time : 0s)
[EFX-0000 INFO] ... Flat synthesis begin
[EFX-0000 INFO] ... Flat synthesis end (Real time : 0s)
[EFX-0000 INFO] ... Flat optimizations begin
[EFX-0000 INFO] ... Flat optimizations end (Real time : 0s)
[EFX-0000 INFO] ... Check and break combinational loops begin
[EFX-0000 INFO] ... Check and break combinational loops end (Real time : 0s)
[EFX-0000 INFO] ... Top level netlist RUSHC IOs pre-synthesis begin
[EFX-0000 INFO] ... SOP modeling begin
[EFX-0000 INFO] ... SOP modeling end (Real time : 0s)
[EFX-0000 INFO] ... LUT mapping begin
[EFX-0000 INFO] ... LS, strategy: 3, nd: 19, ed: 47, lv: 3
[EFX-0000 INFO] ... LUT mapping end (Real time : 0s)
[EFX-0000 INFO] ... Post-synthesis Verific netlist creation begin
[EFX-0000 INFO] ... Post-synthesis Verific netlist creation end (Real time : 0s)
[EFX-0000 INFO] ... Top level netlist RUSHC IOs pre-synthesis end (Real time : 0s)
[EFX-0000 INFO] ... Post-synthesis Verific netlist unification/params processing begin
[EFX-0000 INFO] ... Post-synthesis Verific netlist unification/params processing end (Real time : 0s)
[EFX-0008 VERI-WARNING] Net data_o[2] is dangling
[EFX-0008 VERI-WARNING] Net data_o[3] is dangling
[EFX-0008 VERI-WARNING] Net data_o[4] is dangling
[EFX-0008 VERI-WARNING] Net spi_slave/mosi_d0 is dangling
[EFX-0008 VERI-WARNING] Net data_o[0] is dangling
[EFX-0008 VERI-WARNING] Net data_en_o is dangling
[EFX-0008 VERI-WARNING] Net data_o[5] is dangling
[EFX-0008 VERI-WARNING] Net data_o[6] is dangling
[EFX-0008 VERI-WARNING] Net data_o[7] is dangling
[EFX-0008 VERI-WARNING] Net data_o[1] is dangling
[EFX-0009 VERI-INFO] Found 10 warnings in the post-synthesis netlist.
[EFX-0000 INFO] Resource Summary 
[EFX-0000 INFO] =============================== 
[EFX-0000 INFO] EFX_ADD         : 	4
[EFX-0000 INFO] EFX_LUT4        : 	19
[EFX-0000 INFO] EFX_FF          : 	26
[EFX-0000 INFO] EFX_GBUFCE      : 	1
[EFX-0000 INFO] =============================== 
[EFX-0009 VERI-INFO] The default VHDL library search path is now "C:/Efinity/2019.3/sim_models/vhdl/packages/vhdl_2008" (VHDL-1504)
[EFX-0009 VERI-INFO] (F:/efinity_prj/rasp_pi/SPI/SPI_F256_2019_3/top.v 12) compiling module 'top' (VERI-1018)
[EFX-0009 VERI-INFO] (F:/efinity_prj/rasp_pi/SPI/SPI_F256_2019_3/spi_slave.v 11) compiling module 'spi_slave' (VERI-1018)
[EFX-0008 VERI-WARNING] (F:/efinity_prj/rasp_pi/SPI/SPI_F256_2019_3/spi_slave.v 65) expression size 5 truncated to fit in target size 4 (VERI-1209)
[EFX-0000 INFO] Setting Synthesis Option: mode=speed
[EFX-0009 VERI-INFO] (C:/Efinity/2019.3/sim_models/maplib/efinix_maplib.v 6) compiling module 'EFX_ADD' (VERI-1018)
[EFX-0009 VERI-INFO] (C:/Efinity/2019.3/sim_models/maplib/efinix_maplib.v 19) compiling module 'EFX_FF' (VERI-1018)
[EFX-0009 VERI-INFO] (C:/Efinity/2019.3/sim_models/maplib/efinix_maplib.v 36) compiling module 'EFX_GBUFCE' (VERI-1018)
[EFX-0009 VERI-INFO] (C:/Efinity/2019.3/sim_models/maplib/efinix_maplib.v 45) compiling module 'EFX_IDDR' (VERI-1018)
[EFX-0009 VERI-INFO] (C:/Efinity/2019.3/sim_models/maplib/efinix_maplib.v 59) compiling module 'EFX_ODDR' (VERI-1018)
[EFX-0009 VERI-INFO] (C:/Efinity/2019.3/sim_models/maplib/efinix_maplib.v 75) compiling module 'EFX_IOBUF' (VERI-1018)
[EFX-0009 VERI-INFO] (C:/Efinity/2019.3/sim_models/maplib/efinix_maplib.v 87) compiling module 'EFX_LUT4' (VERI-1018)
[EFX-0009 VERI-INFO] (C:/Efinity/2019.3/sim_models/maplib/efinix_maplib.v 95) compiling module 'EFX_MULT' (VERI-1018)
[EFX-0009 VERI-INFO] (C:/Efinity/2019.3/sim_models/maplib/efinix_maplib.v 130) compiling module 'EFX_RAM_4K' (VERI-1018)
[EFX-0009 VERI-INFO] (C:/Efinity/2019.3/sim_models/maplib/efinix_maplib.v 190) compiling module 'EFX_RAM_5K' (VERI-1018)
[EFX-0009 VERI-INFO] (C:/Efinity/2019.3/sim_models/maplib/efinix_maplib.v 262) compiling module 'EFX_DPRAM_5K' (VERI-1018)
[EFX-0009 VERI-INFO] (C:/Efinity/2019.3/sim_models/maplib/efinix_maplib.v 367) compiling module 'RAMB5' (VERI-1018)
[EFX-0009 VERI-INFO] (C:/Efinity/2019.3/sim_models/maplib/efinix_maplib.v 429) compiling module 'EFX_RAM_10K' (VERI-1018)
[EFX-0000 INFO] ... Pre-synthesis checks begin
[EFX-0000 INFO] ... Pre-synthesis checks end (Real time : 0s)
[EFX-0000 INFO] ... NameSpace init begin
[EFX-0000 INFO] ... NameSpace init end (Real time : 0s)
[EFX-0000 INFO] ... Mapping design "top"
[EFX-0000 INFO] ... Hierarchical pre-synthesis "spi_slave" begin
[EFX-0000 INFO] ... Hierarchical pre-synthesis "spi_slave" end (Real time : 0s)
[EFX-0000 INFO] ... Hierarchical pre-synthesis "top" begin
[EFX-0000 INFO] ... Hierarchical pre-synthesis "top" end (Real time : 0s)
[EFX-0000 INFO] ... Flat optimizations begin
[EFX-0000 INFO] ... Flat optimizations end (Real time : 0s)
[EFX-0000 INFO] ... Flat synthesis begin
[EFX-0000 INFO] ... Flat synthesis end (Real time : 0s)
[EFX-0000 INFO] ... Flat optimizations begin
[EFX-0000 INFO] ... Flat optimizations end (Real time : 0s)
[EFX-0000 INFO] ... Check and break combinational loops begin
[EFX-0000 INFO] ... Check and break combinational loops end (Real time : 0s)
[EFX-0000 INFO] ... Top level netlist RUSHC IOs pre-synthesis begin
[EFX-0000 INFO] ... SOP modeling begin
[EFX-0000 INFO] ... SOP modeling end (Real time : 0s)
[EFX-0000 INFO] ... LUT mapping begin
[EFX-0000 INFO] ... LS, strategy: 3, nd: 19, ed: 47, lv: 3
[EFX-0000 INFO] ... LUT mapping end (Real time : 1s)
[EFX-0000 INFO] ... Post-synthesis Verific netlist creation begin
[EFX-0000 INFO] ... Post-synthesis Verific netlist creation end (Real time : 0s)
[EFX-0000 INFO] ... Top level netlist RUSHC IOs pre-synthesis end (Real time : 1s)
[EFX-0000 INFO] ... Post-synthesis Verific netlist unification/params processing begin
[EFX-0000 INFO] ... Post-synthesis Verific netlist unification/params processing end (Real time : 0s)
[EFX-0008 VERI-WARNING] Net data_o[2] is dangling
[EFX-0008 VERI-WARNING] Net data_o[3] is dangling
[EFX-0008 VERI-WARNING] Net data_o[4] is dangling
[EFX-0008 VERI-WARNING] Net spi_slave/mosi_d0 is dangling
[EFX-0008 VERI-WARNING] Net data_o[0] is dangling
[EFX-0008 VERI-WARNING] Net data_en_o is dangling
[EFX-0008 VERI-WARNING] Net data_o[5] is dangling
[EFX-0008 VERI-WARNING] Net data_o[6] is dangling
[EFX-0008 VERI-WARNING] Net data_o[7] is dangling
[EFX-0008 VERI-WARNING] Net data_o[1] is dangling
[EFX-0009 VERI-INFO] Found 10 warnings in the post-synthesis netlist.
[EFX-0000 INFO] Resource Summary 
[EFX-0000 INFO] =============================== 
[EFX-0000 INFO] EFX_ADD         : 	4
[EFX-0000 INFO] EFX_LUT4        : 	19
[EFX-0000 INFO] EFX_FF          : 	26
[EFX-0000 INFO] EFX_GBUFCE      : 	1
[EFX-0000 INFO] =============================== 
[EFX-0009 VERI-INFO] The default VHDL library search path is now "C:/Efinity/2019.3/sim_models/vhdl/packages/vhdl_2008" (VHDL-1504)
[EFX-0009 VERI-INFO] (F:/efinity_prj/rasp_pi/SPI/SPI_F256_2019_3/top.v 12) compiling module 'top' (VERI-1018)
[EFX-0009 VERI-INFO] (F:/efinity_prj/rasp_pi/SPI/SPI_F256_2019_3/spi_slave.v 11) compiling module 'spi_slave' (VERI-1018)
[EFX-0008 VERI-WARNING] (F:/efinity_prj/rasp_pi/SPI/SPI_F256_2019_3/spi_slave.v 65) expression size 5 truncated to fit in target size 4 (VERI-1209)
[EFX-0000 INFO] Setting Synthesis Option: mode=speed
[EFX-0009 VERI-INFO] (C:/Efinity/2019.3/sim_models/maplib/efinix_maplib.v 6) compiling module 'EFX_ADD' (VERI-1018)
[EFX-0009 VERI-INFO] (C:/Efinity/2019.3/sim_models/maplib/efinix_maplib.v 19) compiling module 'EFX_FF' (VERI-1018)
[EFX-0009 VERI-INFO] (C:/Efinity/2019.3/sim_models/maplib/efinix_maplib.v 36) compiling module 'EFX_GBUFCE' (VERI-1018)
[EFX-0009 VERI-INFO] (C:/Efinity/2019.3/sim_models/maplib/efinix_maplib.v 45) compiling module 'EFX_IDDR' (VERI-1018)
[EFX-0009 VERI-INFO] (C:/Efinity/2019.3/sim_models/maplib/efinix_maplib.v 59) compiling module 'EFX_ODDR' (VERI-1018)
[EFX-0009 VERI-INFO] (C:/Efinity/2019.3/sim_models/maplib/efinix_maplib.v 75) compiling module 'EFX_IOBUF' (VERI-1018)
[EFX-0009 VERI-INFO] (C:/Efinity/2019.3/sim_models/maplib/efinix_maplib.v 87) compiling module 'EFX_LUT4' (VERI-1018)
[EFX-0009 VERI-INFO] (C:/Efinity/2019.3/sim_models/maplib/efinix_maplib.v 95) compiling module 'EFX_MULT' (VERI-1018)
[EFX-0009 VERI-INFO] (C:/Efinity/2019.3/sim_models/maplib/efinix_maplib.v 130) compiling module 'EFX_RAM_4K' (VERI-1018)
[EFX-0009 VERI-INFO] (C:/Efinity/2019.3/sim_models/maplib/efinix_maplib.v 190) compiling module 'EFX_RAM_5K' (VERI-1018)
[EFX-0009 VERI-INFO] (C:/Efinity/2019.3/sim_models/maplib/efinix_maplib.v 262) compiling module 'EFX_DPRAM_5K' (VERI-1018)
[EFX-0009 VERI-INFO] (C:/Efinity/2019.3/sim_models/maplib/efinix_maplib.v 367) compiling module 'RAMB5' (VERI-1018)
[EFX-0009 VERI-INFO] (C:/Efinity/2019.3/sim_models/maplib/efinix_maplib.v 429) compiling module 'EFX_RAM_10K' (VERI-1018)
[EFX-0000 INFO] ... Pre-synthesis checks begin
[EFX-0000 INFO] ... Pre-synthesis checks end (Real time : 0s)
[EFX-0000 INFO] ... NameSpace init begin
[EFX-0000 INFO] ... NameSpace init end (Real time : 0s)
[EFX-0000 INFO] ... Mapping design "top"
[EFX-0000 INFO] ... Hierarchical pre-synthesis "spi_slave" begin
[EFX-0000 INFO] ... Hierarchical pre-synthesis "spi_slave" end (Real time : 0s)
[EFX-0000 INFO] ... Hierarchical pre-synthesis "top" begin
[EFX-0000 INFO] ... Hierarchical pre-synthesis "top" end (Real time : 0s)
[EFX-0000 INFO] ... Flat optimizations begin
[EFX-0000 INFO] ... Flat optimizations end (Real time : 0s)
[EFX-0000 INFO] ... Flat synthesis begin
[EFX-0000 INFO] ... Flat synthesis end (Real time : 0s)
[EFX-0000 INFO] ... Flat optimizations begin
[EFX-0000 INFO] ... Flat optimizations end (Real time : 0s)
[EFX-0000 INFO] ... Check and break combinational loops begin
[EFX-0000 INFO] ... Check and break combinational loops end (Real time : 0s)
[EFX-0000 INFO] ... Top level netlist RUSHC IOs pre-synthesis begin
[EFX-0000 INFO] ... SOP modeling begin
[EFX-0000 INFO] ... SOP modeling end (Real time : 0s)
[EFX-0000 INFO] ... LUT mapping begin
[EFX-0000 INFO] ... LS, strategy: 3, nd: 19, ed: 47, lv: 3
[EFX-0000 INFO] ... LUT mapping end (Real time : 0s)
[EFX-0000 INFO] ... Post-synthesis Verific netlist creation begin
[EFX-0000 INFO] ... Post-synthesis Verific netlist creation end (Real time : 0s)
[EFX-0000 INFO] ... Top level netlist RUSHC IOs pre-synthesis end (Real time : 0s)
[EFX-0000 INFO] ... Post-synthesis Verific netlist unification/params processing begin
[EFX-0000 INFO] ... Post-synthesis Verific netlist unification/params processing end (Real time : 0s)
[EFX-0008 VERI-WARNING] Net data_o[2] is dangling
[EFX-0008 VERI-WARNING] Net data_o[3] is dangling
[EFX-0008 VERI-WARNING] Net data_o[4] is dangling
[EFX-0008 VERI-WARNING] Net spi_slave/mosi_d0 is dangling
[EFX-0008 VERI-WARNING] Net data_o[0] is dangling
[EFX-0008 VERI-WARNING] Net data_en_o is dangling
[EFX-0008 VERI-WARNING] Net data_o[5] is dangling
[EFX-0008 VERI-WARNING] Net data_o[6] is dangling
[EFX-0008 VERI-WARNING] Net data_o[7] is dangling
[EFX-0008 VERI-WARNING] Net data_o[1] is dangling
[EFX-0009 VERI-INFO] Found 10 warnings in the post-synthesis netlist.
[EFX-0000 INFO] Resource Summary 
[EFX-0000 INFO] =============================== 
[EFX-0000 INFO] EFX_ADD         : 	4
[EFX-0000 INFO] EFX_LUT4        : 	19
[EFX-0000 INFO] EFX_FF          : 	26
[EFX-0000 INFO] EFX_GBUFCE      : 	1
[EFX-0000 INFO] =============================== 
[EFX-0009 VERI-INFO] The default VHDL library search path is now "C:/Efinity/2019.3/sim_models/vhdl/packages/vhdl_2008" (VHDL-1504)
[EFX-0009 VERI-INFO] (F:/efinity_prj/rasp_pi/SPI/SPI_F256_2019_3/top.v 12) compiling module 'top' (VERI-1018)
[EFX-0009 VERI-INFO] (F:/efinity_prj/rasp_pi/SPI/SPI_F256_2019_3/spi_slave.v 11) compiling module 'spi_slave' (VERI-1018)
[EFX-0008 VERI-WARNING] (F:/efinity_prj/rasp_pi/SPI/SPI_F256_2019_3/spi_slave.v 69) expression size 5 truncated to fit in target size 4 (VERI-1209)
[EFX-0000 INFO] Setting Synthesis Option: mode=speed
[EFX-0009 VERI-INFO] (C:/Efinity/2019.3/sim_models/maplib/efinix_maplib.v 6) compiling module 'EFX_ADD' (VERI-1018)
[EFX-0009 VERI-INFO] (C:/Efinity/2019.3/sim_models/maplib/efinix_maplib.v 19) compiling module 'EFX_FF' (VERI-1018)
[EFX-0009 VERI-INFO] (C:/Efinity/2019.3/sim_models/maplib/efinix_maplib.v 36) compiling module 'EFX_GBUFCE' (VERI-1018)
[EFX-0009 VERI-INFO] (C:/Efinity/2019.3/sim_models/maplib/efinix_maplib.v 45) compiling module 'EFX_IDDR' (VERI-1018)
[EFX-0009 VERI-INFO] (C:/Efinity/2019.3/sim_models/maplib/efinix_maplib.v 59) compiling module 'EFX_ODDR' (VERI-1018)
[EFX-0009 VERI-INFO] (C:/Efinity/2019.3/sim_models/maplib/efinix_maplib.v 75) compiling module 'EFX_IOBUF' (VERI-1018)
[EFX-0009 VERI-INFO] (C:/Efinity/2019.3/sim_models/maplib/efinix_maplib.v 87) compiling module 'EFX_LUT4' (VERI-1018)
[EFX-0009 VERI-INFO] (C:/Efinity/2019.3/sim_models/maplib/efinix_maplib.v 95) compiling module 'EFX_MULT' (VERI-1018)
[EFX-0009 VERI-INFO] (C:/Efinity/2019.3/sim_models/maplib/efinix_maplib.v 130) compiling module 'EFX_RAM_4K' (VERI-1018)
[EFX-0009 VERI-INFO] (C:/Efinity/2019.3/sim_models/maplib/efinix_maplib.v 190) compiling module 'EFX_RAM_5K' (VERI-1018)
[EFX-0009 VERI-INFO] (C:/Efinity/2019.3/sim_models/maplib/efinix_maplib.v 262) compiling module 'EFX_DPRAM_5K' (VERI-1018)
[EFX-0009 VERI-INFO] (C:/Efinity/2019.3/sim_models/maplib/efinix_maplib.v 367) compiling module 'RAMB5' (VERI-1018)
[EFX-0009 VERI-INFO] (C:/Efinity/2019.3/sim_models/maplib/efinix_maplib.v 429) compiling module 'EFX_RAM_10K' (VERI-1018)
[EFX-0000 INFO] ... Pre-synthesis checks begin
[EFX-0000 INFO] ... Pre-synthesis checks end (Real time : 0s)
[EFX-0000 INFO] ... NameSpace init begin
[EFX-0000 INFO] ... NameSpace init end (Real time : 0s)
[EFX-0000 INFO] ... Mapping design "top"
[EFX-0000 INFO] ... Hierarchical pre-synthesis "spi_slave" begin
[EFX-0000 INFO] ... Hierarchical pre-synthesis "spi_slave" end (Real time : 0s)
[EFX-0000 INFO] ... Hierarchical pre-synthesis "top" begin
[EFX-0000 INFO] ... Hierarchical pre-synthesis "top" end (Real time : 0s)
[EFX-0000 INFO] ... Flat optimizations begin
[EFX-0000 INFO] ... Flat optimizations end (Real time : 0s)
[EFX-0000 INFO] ... Flat synthesis begin
[EFX-0000 INFO] ... Flat synthesis end (Real time : 0s)
[EFX-0000 INFO] ... Flat optimizations begin
[EFX-0000 INFO] ... Flat optimizations end (Real time : 0s)
[EFX-0000 INFO] ... Check and break combinational loops begin
[EFX-0000 INFO] ... Check and break combinational loops end (Real time : 0s)
[EFX-0000 INFO] ... Top level netlist RUSHC IOs pre-synthesis begin
[EFX-0000 INFO] ... SOP modeling begin
[EFX-0000 INFO] ... SOP modeling end (Real time : 0s)
[EFX-0000 INFO] ... LUT mapping begin
[EFX-0000 INFO] ... LS, strategy: 3, nd: 22, ed: 58, lv: 4
[EFX-0000 INFO] ... LUT mapping end (Real time : 0s)
[EFX-0000 INFO] ... Post-synthesis Verific netlist creation begin
[EFX-0000 INFO] ... Post-synthesis Verific netlist creation end (Real time : 0s)
[EFX-0000 INFO] ... Top level netlist RUSHC IOs pre-synthesis end (Real time : 0s)
[EFX-0000 INFO] ... Post-synthesis Verific netlist unification/params processing begin
[EFX-0000 INFO] ... Post-synthesis Verific netlist unification/params processing end (Real time : 0s)
[EFX-0008 VERI-WARNING] Net data_o[3] is dangling
[EFX-0008 VERI-WARNING] Net data_o[4] is dangling
[EFX-0008 VERI-WARNING] Net data_o[5] is dangling
[EFX-0008 VERI-WARNING] Net spi_slave/mosi_d0 is dangling
[EFX-0008 VERI-WARNING] Net data_o[0] is dangling
[EFX-0008 VERI-WARNING] Net data_en_o is dangling
[EFX-0008 VERI-WARNING] Net data_o[6] is dangling
[EFX-0008 VERI-WARNING] Net data_o[7] is dangling
[EFX-0008 VERI-WARNING] Net data_o[1] is dangling
[EFX-0008 VERI-WARNING] Net data_o[2] is dangling
[EFX-0009 VERI-INFO] Found 10 warnings in the post-synthesis netlist.
[EFX-0000 INFO] Resource Summary 
[EFX-0000 INFO] =============================== 
[EFX-0000 INFO] EFX_ADD         : 	4
[EFX-0000 INFO] EFX_LUT4        : 	22
[EFX-0000 INFO] EFX_FF          : 	26
[EFX-0000 INFO] EFX_GBUFCE      : 	1
[EFX-0000 INFO] =============================== 
[EFX-0009 VERI-INFO] The default VHDL library search path is now "C:/Efinity/2019.3/sim_models/vhdl/packages/vhdl_2008" (VHDL-1504)
[EFX-0009 VERI-INFO] (F:/efinity_prj/rasp_pi/SPI/SPI_F256_2019_3/top.v 12) compiling module 'top' (VERI-1018)
[EFX-0009 VERI-INFO] (F:/efinity_prj/rasp_pi/SPI/SPI_F256_2019_3/spi_slave.v 11) compiling module 'spi_slave' (VERI-1018)
[EFX-0008 VERI-WARNING] (F:/efinity_prj/rasp_pi/SPI/SPI_F256_2019_3/spi_slave.v 69) expression size 5 truncated to fit in target size 4 (VERI-1209)
[EFX-0000 INFO] Setting Synthesis Option: mode=speed
[EFX-0009 VERI-INFO] (C:/Efinity/2019.3/sim_models/maplib/efinix_maplib.v 6) compiling module 'EFX_ADD' (VERI-1018)
[EFX-0009 VERI-INFO] (C:/Efinity/2019.3/sim_models/maplib/efinix_maplib.v 19) compiling module 'EFX_FF' (VERI-1018)
[EFX-0009 VERI-INFO] (C:/Efinity/2019.3/sim_models/maplib/efinix_maplib.v 36) compiling module 'EFX_GBUFCE' (VERI-1018)
[EFX-0009 VERI-INFO] (C:/Efinity/2019.3/sim_models/maplib/efinix_maplib.v 45) compiling module 'EFX_IDDR' (VERI-1018)
[EFX-0009 VERI-INFO] (C:/Efinity/2019.3/sim_models/maplib/efinix_maplib.v 59) compiling module 'EFX_ODDR' (VERI-1018)
[EFX-0009 VERI-INFO] (C:/Efinity/2019.3/sim_models/maplib/efinix_maplib.v 75) compiling module 'EFX_IOBUF' (VERI-1018)
[EFX-0009 VERI-INFO] (C:/Efinity/2019.3/sim_models/maplib/efinix_maplib.v 87) compiling module 'EFX_LUT4' (VERI-1018)
[EFX-0009 VERI-INFO] (C:/Efinity/2019.3/sim_models/maplib/efinix_maplib.v 95) compiling module 'EFX_MULT' (VERI-1018)
[EFX-0009 VERI-INFO] (C:/Efinity/2019.3/sim_models/maplib/efinix_maplib.v 130) compiling module 'EFX_RAM_4K' (VERI-1018)
[EFX-0009 VERI-INFO] (C:/Efinity/2019.3/sim_models/maplib/efinix_maplib.v 190) compiling module 'EFX_RAM_5K' (VERI-1018)
[EFX-0009 VERI-INFO] (C:/Efinity/2019.3/sim_models/maplib/efinix_maplib.v 262) compiling module 'EFX_DPRAM_5K' (VERI-1018)
[EFX-0009 VERI-INFO] (C:/Efinity/2019.3/sim_models/maplib/efinix_maplib.v 367) compiling module 'RAMB5' (VERI-1018)
[EFX-0009 VERI-INFO] (C:/Efinity/2019.3/sim_models/maplib/efinix_maplib.v 429) compiling module 'EFX_RAM_10K' (VERI-1018)
[EFX-0000 INFO] ... Pre-synthesis checks begin
[EFX-0000 INFO] ... Pre-synthesis checks end (Real time : 0s)
[EFX-0000 INFO] ... NameSpace init begin
[EFX-0000 INFO] ... NameSpace init end (Real time : 0s)
[EFX-0000 INFO] ... Mapping design "top"
[EFX-0000 INFO] ... Hierarchical pre-synthesis "spi_slave" begin
[EFX-0000 INFO] ... Hierarchical pre-synthesis "spi_slave" end (Real time : 0s)
[EFX-0000 INFO] ... Hierarchical pre-synthesis "top" begin
[EFX-0000 INFO] ... Hierarchical pre-synthesis "top" end (Real time : 0s)
[EFX-0000 INFO] ... Flat optimizations begin
[EFX-0000 INFO] ... Flat optimizations end (Real time : 0s)
[EFX-0000 INFO] ... Flat synthesis begin
[EFX-0000 INFO] ... Flat synthesis end (Real time : 0s)
[EFX-0000 INFO] ... Flat optimizations begin
[EFX-0000 INFO] ... Flat optimizations end (Real time : 0s)
[EFX-0000 INFO] ... Check and break combinational loops begin
[EFX-0000 INFO] ... Check and break combinational loops end (Real time : 0s)
[EFX-0000 INFO] ... Top level netlist RUSHC IOs pre-synthesis begin
[EFX-0000 INFO] ... SOP modeling begin
[EFX-0000 INFO] ... SOP modeling end (Real time : 0s)
[EFX-0000 INFO] ... LUT mapping begin
[EFX-0000 INFO] ... LS, strategy: 3, nd: 22, ed: 56, lv: 3
[EFX-0000 INFO] ... LUT mapping end (Real time : 0s)
[EFX-0000 INFO] ... Post-synthesis Verific netlist creation begin
[EFX-0000 INFO] ... Post-synthesis Verific netlist creation end (Real time : 0s)
[EFX-0000 INFO] ... Top level netlist RUSHC IOs pre-synthesis end (Real time : 0s)
[EFX-0000 INFO] ... Post-synthesis Verific netlist unification/params processing begin
[EFX-0000 INFO] ... Post-synthesis Verific netlist unification/params processing end (Real time : 0s)
[EFX-0008 VERI-WARNING] Net data_o[3] is dangling
[EFX-0008 VERI-WARNING] Net data_o[4] is dangling
[EFX-0008 VERI-WARNING] Net data_en_o is dangling
[EFX-0008 VERI-WARNING] Net data_o[5] is dangling
[EFX-0008 VERI-WARNING] Net spi_slave/mosi_d0 is dangling
[EFX-0008 VERI-WARNING] Net data_o[0] is dangling
[EFX-0008 VERI-WARNING] Net data_o[1] is dangling
[EFX-0008 VERI-WARNING] Net data_o[6] is dangling
[EFX-0008 VERI-WARNING] Net data_o[7] is dangling
[EFX-0008 VERI-WARNING] Net data_o[2] is dangling
[EFX-0009 VERI-INFO] Found 10 warnings in the post-synthesis netlist.
[EFX-0000 INFO] Resource Summary 
[EFX-0000 INFO] =============================== 
[EFX-0000 INFO] EFX_ADD         : 	4
[EFX-0000 INFO] EFX_LUT4        : 	22
[EFX-0000 INFO] EFX_FF          : 	26
[EFX-0000 INFO] EFX_GBUFCE      : 	1
[EFX-0000 INFO] =============================== 
[EFX-0009 VERI-INFO] The default VHDL library search path is now "C:/Efinity/2019.3/sim_models/vhdl/packages/vhdl_2008" (VHDL-1504)
[EFX-0009 VERI-INFO] (F:/efinity_prj/rasp_pi/SPI/SPI_F256_2019_3/top.v 12) compiling module 'top' (VERI-1018)
[EFX-0009 VERI-INFO] (F:/efinity_prj/rasp_pi/SPI/SPI_F256_2019_3/spi_slave.v 11) compiling module 'spi_slave' (VERI-1018)
[EFX-0008 VERI-WARNING] (F:/efinity_prj/rasp_pi/SPI/SPI_F256_2019_3/spi_slave.v 69) expression size 5 truncated to fit in target size 4 (VERI-1209)
[EFX-0000 INFO] Setting Synthesis Option: mode=speed
[EFX-0009 VERI-INFO] (C:/Efinity/2019.3/sim_models/maplib/efinix_maplib.v 6) compiling module 'EFX_ADD' (VERI-1018)
[EFX-0009 VERI-INFO] (C:/Efinity/2019.3/sim_models/maplib/efinix_maplib.v 19) compiling module 'EFX_FF' (VERI-1018)
[EFX-0009 VERI-INFO] (C:/Efinity/2019.3/sim_models/maplib/efinix_maplib.v 36) compiling module 'EFX_GBUFCE' (VERI-1018)
[EFX-0009 VERI-INFO] (C:/Efinity/2019.3/sim_models/maplib/efinix_maplib.v 45) compiling module 'EFX_IDDR' (VERI-1018)
[EFX-0009 VERI-INFO] (C:/Efinity/2019.3/sim_models/maplib/efinix_maplib.v 59) compiling module 'EFX_ODDR' (VERI-1018)
[EFX-0009 VERI-INFO] (C:/Efinity/2019.3/sim_models/maplib/efinix_maplib.v 75) compiling module 'EFX_IOBUF' (VERI-1018)
[EFX-0009 VERI-INFO] (C:/Efinity/2019.3/sim_models/maplib/efinix_maplib.v 87) compiling module 'EFX_LUT4' (VERI-1018)
[EFX-0009 VERI-INFO] (C:/Efinity/2019.3/sim_models/maplib/efinix_maplib.v 95) compiling module 'EFX_MULT' (VERI-1018)
[EFX-0009 VERI-INFO] (C:/Efinity/2019.3/sim_models/maplib/efinix_maplib.v 130) compiling module 'EFX_RAM_4K' (VERI-1018)
[EFX-0009 VERI-INFO] (C:/Efinity/2019.3/sim_models/maplib/efinix_maplib.v 190) compiling module 'EFX_RAM_5K' (VERI-1018)
[EFX-0009 VERI-INFO] (C:/Efinity/2019.3/sim_models/maplib/efinix_maplib.v 262) compiling module 'EFX_DPRAM_5K' (VERI-1018)
[EFX-0009 VERI-INFO] (C:/Efinity/2019.3/sim_models/maplib/efinix_maplib.v 367) compiling module 'RAMB5' (VERI-1018)
[EFX-0009 VERI-INFO] (C:/Efinity/2019.3/sim_models/maplib/efinix_maplib.v 429) compiling module 'EFX_RAM_10K' (VERI-1018)
[EFX-0000 INFO] ... Pre-synthesis checks begin
[EFX-0000 INFO] ... Pre-synthesis checks end (Real time : 0s)
[EFX-0000 INFO] ... NameSpace init begin
[EFX-0000 INFO] ... NameSpace init end (Real time : 0s)
[EFX-0000 INFO] ... Mapping design "top"
[EFX-0000 INFO] ... Hierarchical pre-synthesis "spi_slave" begin
[EFX-0000 INFO] ... Hierarchical pre-synthesis "spi_slave" end (Real time : 0s)
[EFX-0000 INFO] ... Hierarchical pre-synthesis "top" begin
[EFX-0000 INFO] ... Hierarchical pre-synthesis "top" end (Real time : 0s)
[EFX-0000 INFO] ... Flat optimizations begin
[EFX-0000 INFO] ... Flat optimizations end (Real time : 0s)
[EFX-0000 INFO] ... Flat synthesis begin
[EFX-0000 INFO] ... Flat synthesis end (Real time : 0s)
[EFX-0000 INFO] ... Flat optimizations begin
[EFX-0000 INFO] ... Flat optimizations end (Real time : 0s)
[EFX-0000 INFO] ... Check and break combinational loops begin
[EFX-0000 INFO] ... Check and break combinational loops end (Real time : 0s)
[EFX-0000 INFO] ... Top level netlist RUSHC IOs pre-synthesis begin
[EFX-0000 INFO] ... SOP modeling begin
[EFX-0000 INFO] ... SOP modeling end (Real time : 0s)
[EFX-0000 INFO] ... LUT mapping begin
[EFX-0000 INFO] ... LS, strategy: 3, nd: 26, ed: 63, lv: 3
[EFX-0000 INFO] ... LUT mapping end (Real time : 1s)
[EFX-0000 INFO] ... Post-synthesis Verific netlist creation begin
[EFX-0000 INFO] ... Post-synthesis Verific netlist creation end (Real time : 0s)
[EFX-0000 INFO] ... Top level netlist RUSHC IOs pre-synthesis end (Real time : 1s)
[EFX-0000 INFO] ... Post-synthesis Verific netlist unification/params processing begin
[EFX-0000 INFO] ... Post-synthesis Verific netlist unification/params processing end (Real time : 0s)
[EFX-0008 VERI-WARNING] Net data_o[3] is dangling
[EFX-0008 VERI-WARNING] Net spi_slave/mosi_d0 is dangling
[EFX-0008 VERI-WARNING] Net data_o[4] is dangling
[EFX-0008 VERI-WARNING] Net data_en_o is dangling
[EFX-0008 VERI-WARNING] Net data_o[5] is dangling
[EFX-0008 VERI-WARNING] Net spi_slave/ss_fall is dangling
[EFX-0008 VERI-WARNING] Net spi_slave/ss_raise is dangling
[EFX-0008 VERI-WARNING] Net spi_slave/clk_fall is dangling
[EFX-0008 VERI-WARNING] Net data_o[0] is dangling
[EFX-0008 VERI-WARNING] Net data_o[1] is dangling
[EFX-0008 VERI-WARNING] Net data_o[6] is dangling
[EFX-0008 VERI-WARNING] Net data_o[7] is dangling
[EFX-0008 VERI-WARNING] Net data_o[2] is dangling
[EFX-0009 VERI-INFO] Found 13 warnings in the post-synthesis netlist.
[EFX-0000 INFO] Resource Summary 
[EFX-0000 INFO] =============================== 
[EFX-0000 INFO] EFX_ADD         : 	4
[EFX-0000 INFO] EFX_LUT4        : 	26
[EFX-0000 INFO] EFX_FF          : 	29
[EFX-0000 INFO] EFX_GBUFCE      : 	1
[EFX-0000 INFO] =============================== 
[EFX-0009 VERI-INFO] The default VHDL library search path is now "C:/Efinity/2019.3/sim_models/vhdl/packages/vhdl_2008" (VHDL-1504)
[EFX-0009 VERI-INFO] (F:/efinity_prj/rasp_pi/SPI/SPI_F256_2019_3/top.v 12) compiling module 'top' (VERI-1018)
[EFX-0009 VERI-INFO] (F:/efinity_prj/rasp_pi/SPI/SPI_F256_2019_3/spi_slave.v 11) compiling module 'spi_slave' (VERI-1018)
[EFX-0008 VERI-WARNING] (F:/efinity_prj/rasp_pi/SPI/SPI_F256_2019_3/spi_slave.v 69) expression size 5 truncated to fit in target size 4 (VERI-1209)
[EFX-0000 INFO] Setting Synthesis Option: mode=speed
[EFX-0009 VERI-INFO] (C:/Efinity/2019.3/sim_models/maplib/efinix_maplib.v 6) compiling module 'EFX_ADD' (VERI-1018)
[EFX-0009 VERI-INFO] (C:/Efinity/2019.3/sim_models/maplib/efinix_maplib.v 19) compiling module 'EFX_FF' (VERI-1018)
[EFX-0009 VERI-INFO] (C:/Efinity/2019.3/sim_models/maplib/efinix_maplib.v 36) compiling module 'EFX_GBUFCE' (VERI-1018)
[EFX-0009 VERI-INFO] (C:/Efinity/2019.3/sim_models/maplib/efinix_maplib.v 45) compiling module 'EFX_IDDR' (VERI-1018)
[EFX-0009 VERI-INFO] (C:/Efinity/2019.3/sim_models/maplib/efinix_maplib.v 59) compiling module 'EFX_ODDR' (VERI-1018)
[EFX-0009 VERI-INFO] (C:/Efinity/2019.3/sim_models/maplib/efinix_maplib.v 75) compiling module 'EFX_IOBUF' (VERI-1018)
[EFX-0009 VERI-INFO] (C:/Efinity/2019.3/sim_models/maplib/efinix_maplib.v 87) compiling module 'EFX_LUT4' (VERI-1018)
[EFX-0009 VERI-INFO] (C:/Efinity/2019.3/sim_models/maplib/efinix_maplib.v 95) compiling module 'EFX_MULT' (VERI-1018)
[EFX-0009 VERI-INFO] (C:/Efinity/2019.3/sim_models/maplib/efinix_maplib.v 130) compiling module 'EFX_RAM_4K' (VERI-1018)
[EFX-0009 VERI-INFO] (C:/Efinity/2019.3/sim_models/maplib/efinix_maplib.v 190) compiling module 'EFX_RAM_5K' (VERI-1018)
[EFX-0009 VERI-INFO] (C:/Efinity/2019.3/sim_models/maplib/efinix_maplib.v 262) compiling module 'EFX_DPRAM_5K' (VERI-1018)
[EFX-0009 VERI-INFO] (C:/Efinity/2019.3/sim_models/maplib/efinix_maplib.v 367) compiling module 'RAMB5' (VERI-1018)
[EFX-0009 VERI-INFO] (C:/Efinity/2019.3/sim_models/maplib/efinix_maplib.v 429) compiling module 'EFX_RAM_10K' (VERI-1018)
[EFX-0000 INFO] ... Pre-synthesis checks begin
[EFX-0000 INFO] ... Pre-synthesis checks end (Real time : 0s)
[EFX-0000 INFO] ... NameSpace init begin
[EFX-0000 INFO] ... NameSpace init end (Real time : 0s)
[EFX-0000 INFO] ... Mapping design "top"
[EFX-0000 INFO] ... Hierarchical pre-synthesis "spi_slave" begin
[EFX-0000 INFO] ... Hierarchical pre-synthesis "spi_slave" end (Real time : 0s)
[EFX-0000 INFO] ... Hierarchical pre-synthesis "top" begin
[EFX-0000 INFO] ... Hierarchical pre-synthesis "top" end (Real time : 0s)
[EFX-0000 INFO] ... Flat optimizations begin
[EFX-0000 INFO] ... Flat optimizations end (Real time : 0s)
[EFX-0000 INFO] ... Flat synthesis begin
[EFX-0000 INFO] ... Flat synthesis end (Real time : 0s)
[EFX-0000 INFO] ... Flat optimizations begin
[EFX-0000 INFO] ... Flat optimizations end (Real time : 0s)
[EFX-0000 INFO] ... Check and break combinational loops begin
[EFX-0000 INFO] ... Check and break combinational loops end (Real time : 0s)
[EFX-0000 INFO] ... Top level netlist RUSHC IOs pre-synthesis begin
[EFX-0000 INFO] ... SOP modeling begin
[EFX-0000 INFO] ... SOP modeling end (Real time : 0s)
[EFX-0000 INFO] ... LUT mapping begin
[EFX-0000 INFO] ... LS, strategy: 3, nd: 26, ed: 63, lv: 3
[EFX-0000 INFO] ... LUT mapping end (Real time : 0s)
[EFX-0000 INFO] ... Post-synthesis Verific netlist creation begin
[EFX-0000 INFO] ... Post-synthesis Verific netlist creation end (Real time : 0s)
[EFX-0000 INFO] ... Top level netlist RUSHC IOs pre-synthesis end (Real time : 0s)
[EFX-0000 INFO] ... Post-synthesis Verific netlist unification/params processing begin
[EFX-0000 INFO] ... Post-synthesis Verific netlist unification/params processing end (Real time : 0s)
[EFX-0008 VERI-WARNING] Net data_o[3] is dangling
[EFX-0008 VERI-WARNING] Net spi_slave/mosi_d0 is dangling
[EFX-0008 VERI-WARNING] Net data_o[4] is dangling
[EFX-0008 VERI-WARNING] Net data_en_o is dangling
[EFX-0008 VERI-WARNING] Net data_o[5] is dangling
[EFX-0008 VERI-WARNING] Net spi_slave/ss_fall is dangling
[EFX-0008 VERI-WARNING] Net spi_slave/ss_raise is dangling
[EFX-0008 VERI-WARNING] Net spi_slave/clk_fall is dangling
[EFX-0008 VERI-WARNING] Net data_o[0] is dangling
[EFX-0008 VERI-WARNING] Net data_o[1] is dangling
[EFX-0008 VERI-WARNING] Net data_o[6] is dangling
[EFX-0008 VERI-WARNING] Net data_o[7] is dangling
[EFX-0008 VERI-WARNING] Net data_o[2] is dangling
[EFX-0009 VERI-INFO] Found 13 warnings in the post-synthesis netlist.
[EFX-0000 INFO] Resource Summary 
[EFX-0000 INFO] =============================== 
[EFX-0000 INFO] EFX_ADD         : 	4
[EFX-0000 INFO] EFX_LUT4        : 	26
[EFX-0000 INFO] EFX_FF          : 	29
[EFX-0000 INFO] EFX_GBUFCE      : 	1
[EFX-0000 INFO] =============================== 
[EFX-0009 VERI-INFO] The default VHDL library search path is now "C:/Efinity/2019.3/sim_models/vhdl/packages/vhdl_2008" (VHDL-1504)
[EFX-0009 VERI-INFO] (F:/efinity_prj/rasp_pi/SPI/SPI_F256_2019_3/top.v 12) compiling module 'top' (VERI-1018)
[EFX-0009 VERI-INFO] (F:/efinity_prj/rasp_pi/SPI/SPI_F256_2019_3/spi_slave.v 11) compiling module 'spi_slave' (VERI-1018)
[EFX-0008 VERI-WARNING] (F:/efinity_prj/rasp_pi/SPI/SPI_F256_2019_3/spi_slave.v 69) expression size 5 truncated to fit in target size 4 (VERI-1209)
[EFX-0000 INFO] Setting Synthesis Option: mode=speed
[EFX-0009 VERI-INFO] (C:/Efinity/2019.3/sim_models/maplib/efinix_maplib.v 6) compiling module 'EFX_ADD' (VERI-1018)
[EFX-0009 VERI-INFO] (C:/Efinity/2019.3/sim_models/maplib/efinix_maplib.v 19) compiling module 'EFX_FF' (VERI-1018)
[EFX-0009 VERI-INFO] (C:/Efinity/2019.3/sim_models/maplib/efinix_maplib.v 36) compiling module 'EFX_GBUFCE' (VERI-1018)
[EFX-0009 VERI-INFO] (C:/Efinity/2019.3/sim_models/maplib/efinix_maplib.v 45) compiling module 'EFX_IDDR' (VERI-1018)
[EFX-0009 VERI-INFO] (C:/Efinity/2019.3/sim_models/maplib/efinix_maplib.v 59) compiling module 'EFX_ODDR' (VERI-1018)
[EFX-0009 VERI-INFO] (C:/Efinity/2019.3/sim_models/maplib/efinix_maplib.v 75) compiling module 'EFX_IOBUF' (VERI-1018)
[EFX-0009 VERI-INFO] (C:/Efinity/2019.3/sim_models/maplib/efinix_maplib.v 87) compiling module 'EFX_LUT4' (VERI-1018)
[EFX-0009 VERI-INFO] (C:/Efinity/2019.3/sim_models/maplib/efinix_maplib.v 95) compiling module 'EFX_MULT' (VERI-1018)
[EFX-0009 VERI-INFO] (C:/Efinity/2019.3/sim_models/maplib/efinix_maplib.v 130) compiling module 'EFX_RAM_4K' (VERI-1018)
[EFX-0009 VERI-INFO] (C:/Efinity/2019.3/sim_models/maplib/efinix_maplib.v 190) compiling module 'EFX_RAM_5K' (VERI-1018)
[EFX-0009 VERI-INFO] (C:/Efinity/2019.3/sim_models/maplib/efinix_maplib.v 262) compiling module 'EFX_DPRAM_5K' (VERI-1018)
[EFX-0009 VERI-INFO] (C:/Efinity/2019.3/sim_models/maplib/efinix_maplib.v 367) compiling module 'RAMB5' (VERI-1018)
[EFX-0009 VERI-INFO] (C:/Efinity/2019.3/sim_models/maplib/efinix_maplib.v 429) compiling module 'EFX_RAM_10K' (VERI-1018)
[EFX-0000 INFO] ... Pre-synthesis checks begin
[EFX-0000 INFO] ... Pre-synthesis checks end (Real time : 0s)
[EFX-0000 INFO] ... NameSpace init begin
[EFX-0000 INFO] ... NameSpace init end (Real time : 0s)
[EFX-0000 INFO] ... Mapping design "top"
[EFX-0000 INFO] ... Hierarchical pre-synthesis "spi_slave" begin
[EFX-0000 INFO] ... Hierarchical pre-synthesis "spi_slave" end (Real time : 0s)
[EFX-0000 INFO] ... Hierarchical pre-synthesis "top" begin
[EFX-0000 INFO] ... Hierarchical pre-synthesis "top" end (Real time : 0s)
[EFX-0000 INFO] ... Flat optimizations begin
[EFX-0000 INFO] ... Flat optimizations end (Real time : 0s)
[EFX-0000 INFO] ... Flat synthesis begin
[EFX-0000 INFO] ... Flat synthesis end (Real time : 0s)
[EFX-0000 INFO] ... Flat optimizations begin
[EFX-0000 INFO] ... Flat optimizations end (Real time : 0s)
[EFX-0000 INFO] ... Check and break combinational loops begin
[EFX-0000 INFO] ... Check and break combinational loops end (Real time : 0s)
[EFX-0000 INFO] ... Top level netlist RUSHC IOs pre-synthesis begin
[EFX-0000 INFO] ... SOP modeling begin
[EFX-0000 INFO] ... SOP modeling end (Real time : 0s)
[EFX-0000 INFO] ... LUT mapping begin
[EFX-0000 INFO] ... LS, strategy: 3, nd: 26, ed: 63, lv: 3
[EFX-0000 INFO] ... LUT mapping end (Real time : 0s)
[EFX-0000 INFO] ... Post-synthesis Verific netlist creation begin
[EFX-0000 INFO] ... Post-synthesis Verific netlist creation end (Real time : 0s)
[EFX-0000 INFO] ... Top level netlist RUSHC IOs pre-synthesis end (Real time : 0s)
[EFX-0000 INFO] ... Post-synthesis Verific netlist unification/params processing begin
[EFX-0000 INFO] ... Post-synthesis Verific netlist unification/params processing end (Real time : 0s)
[EFX-0008 VERI-WARNING] Net data_o[3] is dangling
[EFX-0008 VERI-WARNING] Net spi_slave/mosi_d0 is dangling
[EFX-0008 VERI-WARNING] Net data_o[4] is dangling
[EFX-0008 VERI-WARNING] Net data_en_o is dangling
[EFX-0008 VERI-WARNING] Net data_o[5] is dangling
[EFX-0008 VERI-WARNING] Net spi_slave/ss_fall is dangling
[EFX-0008 VERI-WARNING] Net spi_slave/ss_raise is dangling
[EFX-0008 VERI-WARNING] Net spi_slave/clk_fall is dangling
[EFX-0008 VERI-WARNING] Net data_o[0] is dangling
[EFX-0008 VERI-WARNING] Net data_o[1] is dangling
[EFX-0008 VERI-WARNING] Net data_o[6] is dangling
[EFX-0008 VERI-WARNING] Net data_o[7] is dangling
[EFX-0008 VERI-WARNING] Net data_o[2] is dangling
[EFX-0009 VERI-INFO] Found 13 warnings in the post-synthesis netlist.
[EFX-0000 INFO] Resource Summary 
[EFX-0000 INFO] =============================== 
[EFX-0000 INFO] EFX_ADD         : 	4
[EFX-0000 INFO] EFX_LUT4        : 	26
[EFX-0000 INFO] EFX_FF          : 	29
[EFX-0000 INFO] EFX_GBUFCE      : 	1
[EFX-0000 INFO] =============================== 
[EFX-0009 VERI-INFO] The default VHDL library search path is now "C:/Efinity/2019.3/sim_models/vhdl/packages/vhdl_2008" (VHDL-1504)
[EFX-0009 VERI-INFO] (F:/efinity_prj/rasp_pi/SPI/SPI_F256_2019_3/top.v 12) compiling module 'top' (VERI-1018)
[EFX-0009 VERI-INFO] (F:/efinity_prj/rasp_pi/SPI/SPI_F256_2019_3/spi_slave.v 11) compiling module 'spi_slave' (VERI-1018)
[EFX-0008 VERI-WARNING] (F:/efinity_prj/rasp_pi/SPI/SPI_F256_2019_3/spi_slave.v 69) expression size 5 truncated to fit in target size 4 (VERI-1209)
[EFX-0000 INFO] Setting Synthesis Option: mode=speed
[EFX-0009 VERI-INFO] (C:/Efinity/2019.3/sim_models/maplib/efinix_maplib.v 6) compiling module 'EFX_ADD' (VERI-1018)
[EFX-0009 VERI-INFO] (C:/Efinity/2019.3/sim_models/maplib/efinix_maplib.v 19) compiling module 'EFX_FF' (VERI-1018)
[EFX-0009 VERI-INFO] (C:/Efinity/2019.3/sim_models/maplib/efinix_maplib.v 36) compiling module 'EFX_GBUFCE' (VERI-1018)
[EFX-0009 VERI-INFO] (C:/Efinity/2019.3/sim_models/maplib/efinix_maplib.v 45) compiling module 'EFX_IDDR' (VERI-1018)
[EFX-0009 VERI-INFO] (C:/Efinity/2019.3/sim_models/maplib/efinix_maplib.v 59) compiling module 'EFX_ODDR' (VERI-1018)
[EFX-0009 VERI-INFO] (C:/Efinity/2019.3/sim_models/maplib/efinix_maplib.v 75) compiling module 'EFX_IOBUF' (VERI-1018)
[EFX-0009 VERI-INFO] (C:/Efinity/2019.3/sim_models/maplib/efinix_maplib.v 87) compiling module 'EFX_LUT4' (VERI-1018)
[EFX-0009 VERI-INFO] (C:/Efinity/2019.3/sim_models/maplib/efinix_maplib.v 95) compiling module 'EFX_MULT' (VERI-1018)
[EFX-0009 VERI-INFO] (C:/Efinity/2019.3/sim_models/maplib/efinix_maplib.v 130) compiling module 'EFX_RAM_4K' (VERI-1018)
[EFX-0009 VERI-INFO] (C:/Efinity/2019.3/sim_models/maplib/efinix_maplib.v 190) compiling module 'EFX_RAM_5K' (VERI-1018)
[EFX-0009 VERI-INFO] (C:/Efinity/2019.3/sim_models/maplib/efinix_maplib.v 262) compiling module 'EFX_DPRAM_5K' (VERI-1018)
[EFX-0009 VERI-INFO] (C:/Efinity/2019.3/sim_models/maplib/efinix_maplib.v 367) compiling module 'RAMB5' (VERI-1018)
[EFX-0009 VERI-INFO] (C:/Efinity/2019.3/sim_models/maplib/efinix_maplib.v 429) compiling module 'EFX_RAM_10K' (VERI-1018)
[EFX-0000 INFO] ... Pre-synthesis checks begin
[EFX-0000 INFO] ... Pre-synthesis checks end (Real time : 0s)
[EFX-0000 INFO] ... NameSpace init begin
[EFX-0000 INFO] ... NameSpace init end (Real time : 0s)
[EFX-0000 INFO] ... Mapping design "top"
[EFX-0000 INFO] ... Hierarchical pre-synthesis "spi_slave" begin
[EFX-0000 INFO] ... Hierarchical pre-synthesis "spi_slave" end (Real time : 0s)
[EFX-0000 INFO] ... Hierarchical pre-synthesis "top" begin
[EFX-0000 INFO] ... Hierarchical pre-synthesis "top" end (Real time : 0s)
[EFX-0000 INFO] ... Flat optimizations begin
[EFX-0000 INFO] ... Flat optimizations end (Real time : 0s)
[EFX-0000 INFO] ... Flat synthesis begin
[EFX-0000 INFO] ... Flat synthesis end (Real time : 0s)
[EFX-0000 INFO] ... Flat optimizations begin
[EFX-0000 INFO] ... Flat optimizations end (Real time : 0s)
[EFX-0000 INFO] ... Check and break combinational loops begin
[EFX-0000 INFO] ... Check and break combinational loops end (Real time : 0s)
[EFX-0000 INFO] ... Top level netlist RUSHC IOs pre-synthesis begin
[EFX-0000 INFO] ... SOP modeling begin
[EFX-0000 INFO] ... SOP modeling end (Real time : 0s)
[EFX-0000 INFO] ... LUT mapping begin
[EFX-0000 INFO] ... LS, strategy: 3, nd: 26, ed: 63, lv: 3
[EFX-0000 INFO] ... LUT mapping end (Real time : 0s)
[EFX-0000 INFO] ... Post-synthesis Verific netlist creation begin
[EFX-0000 INFO] ... Post-synthesis Verific netlist creation end (Real time : 0s)
[EFX-0000 INFO] ... Top level netlist RUSHC IOs pre-synthesis end (Real time : 0s)
[EFX-0000 INFO] ... Post-synthesis Verific netlist unification/params processing begin
[EFX-0000 INFO] ... Post-synthesis Verific netlist unification/params processing end (Real time : 0s)
[EFX-0008 VERI-WARNING] Net data_o[3] is dangling
[EFX-0008 VERI-WARNING] Net spi_slave/mosi_d0 is dangling
[EFX-0008 VERI-WARNING] Net data_o[4] is dangling
[EFX-0008 VERI-WARNING] Net data_en_o is dangling
[EFX-0008 VERI-WARNING] Net data_o[5] is dangling
[EFX-0008 VERI-WARNING] Net spi_slave/ss_fall is dangling
[EFX-0008 VERI-WARNING] Net spi_slave/ss_raise is dangling
[EFX-0008 VERI-WARNING] Net spi_slave/clk_fall is dangling
[EFX-0008 VERI-WARNING] Net data_o[0] is dangling
[EFX-0008 VERI-WARNING] Net data_o[1] is dangling
[EFX-0008 VERI-WARNING] Net data_o[6] is dangling
[EFX-0008 VERI-WARNING] Net data_o[7] is dangling
[EFX-0008 VERI-WARNING] Net data_o[2] is dangling
[EFX-0009 VERI-INFO] Found 13 warnings in the post-synthesis netlist.
[EFX-0000 INFO] Resource Summary 
[EFX-0000 INFO] =============================== 
[EFX-0000 INFO] EFX_ADD         : 	4
[EFX-0000 INFO] EFX_LUT4        : 	26
[EFX-0000 INFO] EFX_FF          : 	29
[EFX-0000 INFO] EFX_GBUFCE      : 	1
[EFX-0000 INFO] =============================== 
